<?xml version="1.0" encoding="UTF-8" ?>
<testsuite errors="0" failures="0" hostname="DARKSTAR" name="PhoneBookExample-test" tests="6" time="0.719" timestamp="2008-04-04T12:23:13">
  <properties>
[...]
</properties>
  <testcase classname="pde.test.utils.PDETestListener$WrapperTestCase" name="testDialogTitle(phonebookexample.dialogs.PhoneBookEntryEditorDialogTest)" time="0.141" />
  <testcase classname="pde.test.utils.PDETestListener$WrapperTestCase" name="testInitialDialog(phonebookexample.dialogs.PhoneBookEntryEditorDialogTest)" time="0.0" />
  <testcase classname="pde.test.utils.PDETestListener$WrapperTestCase" name="testInvalidNumberDisablesOKButton(phonebookexample.dialogs.PhoneBookEntryEditorDialogTest)" time="0.0" />
  <testcase classname="pde.test.utils.PDETestListener$WrapperTestCase" name="testValidNumberEnablesOKButton(phonebookexample.dialogs.PhoneBookEntryEditorDialogTest)" time="0.0" />
  <testcase classname="pde.test.utils.PDETestListener$WrapperTestCase" name="testChangingNameUpdatesPhoneBookEntryData(phonebookexample.dialogs.PhoneBookEntryEditorDialogTest)" time="0.0" />
  <testcase classname="pde.test.utils.PDETestListener$WrapperTestCase" name="testChangingNumberUpdatesPhoneBookEntryData(phonebookexample.dialogs.PhoneBookEntryEditorDialogTest)" time="0.031" />
</testsuite>
